+ c_src=/home/shlomif/progs/freecell/git/fc-solve/fc-solve/B/../source
+ git co d31c23ef8
HEAD is now at d31c23ef8 fix rebuild.
+ gmake
[  4%] Built target fcs_fcc_brfs_test
[  5%] Built target fc_solve_man
[ 19%] Built target freecell-solver-static
[ 20%] Built target freecell-solver-range-parallel-solve
[ 20%] Built target asciidoc_man_pages_base
[ 25%] Built target split_fcc_fc_solver
[ 26%] Built target freecell-solver-multi-thread-solve
[ 27%] Built target freecell-solver-fork-solve
[ 32%] Built target depth_dbm_fc_solver
[ 36%] Built target dbm_fc_solver
[ 37%] Built target pseudo_dfs_fc_solver__target
[ 39%] Built target summary-fc-solve
[ 39%] Built target fc-solve-multi
[ 40%] Built target freecell-solver-fc-pro-range-solve
[ 41%] Built target fcs_gen_ms_freecell_boards
[ 43%] Built target NEWS_build
[ 44%] Built target fc-solve
[ 45%] Built target AUTHORS_build
[ 50%] Built target fcs_dbm_calc_derived_test
[ 51%] Built target TODO_build
[ 52%] Built target fc-solve-pruner
[ 54%] Built target measure-depth-dep-tests-order-perf
[ 55%] Built target HACKING_build
[ 56%] Built target COPYING_build
[ 57%] Built target INSTALL_build
[ 60%] Built target fcs_debondt_delta_states_test
[ 64%] Built target fcs_delta_states_test
[ 66%] Built target README_build
[ 81%] Built target freecell-solver
[ 82%] Built target USAGE_build
[ 83%] Built target fc-solve_build
[ 85%] Built target dbm-kaztree-compare-records-test.t.exe
[ 86%] Built target delta-states-debondt-test.t.exe
[ 88%] Built target card-test-parse.t.exe
[ 88%] Built target generate_valgrind_tests
[ 89%] Built target bit-reader-and-writer-test.t.exe
[ 90%] Built target generate_verify_tests
[ 91%] Built target generate_cmp_digest_tests
[ 93%] Built target card-test-render.t.exe
[ 93%] Built target make_pysol_board
[ 94%] Built target gen_multi_layouts_prog
[ 95%] Built target transpose_freecell_board_prog
[ 95%] Built target find_index_prog
[ 95%] Built target pi-make-microsoft-freecell-board
[ 95%] Built target fc_solve_find_index_s2ints
[ 97%] Built target docs_pods
[ 98%] Built target fcs_find_deal
[100%] Built target man_docs_pods
+ /usr/bin/time perl /home/shlomif/progs/freecell/git/fc-solve/fc-solve/B/../source/run-tests.pl '--glob={clang-format,perltidy,py-flake8,style-trailing-space}*.t'
[100%] Built target boards
[ 12%] Built target dbm-kaztree-compare-records-test.t.exe
[ 25%] Built target delta-states-debondt-test.t.exe
[ 50%] Built target card-test-parse.t.exe
[ 50%] Built target generate_valgrind_tests
[ 62%] Built target bit-reader-and-writer-test.t.exe
[ 75%] Built target generate_verify_tests
[ 87%] Built target generate_cmp_digest_tests
[100%] Built target card-test-render.t.exe
FCS_PATH = /home/shlomif/progs/freecell/git/fc-solve/fc-solve/B
FCS_SRC_PATH = /home/shlomif/progs/freecell/git/fc-solve/fc-solve/B/../source
FCS_TEST_TAGS = <break_backcompat>
/home/shlomif/progs/freecell/git/fc-solve/fc-solve/B/../source/t/t/style-trailing-space.t .. ok
/home/shlomif/progs/freecell/git/fc-solve/fc-solve/B/../source/t/t/py-flake8.t ............. ok
/home/shlomif/progs/freecell/git/fc-solve/fc-solve/B/../source/t/t/perltidy.t .............. ok
/home/shlomif/progs/freecell/git/fc-solve/fc-solve/B/../source/t/t/clang-format.t .......... ok
All tests successful.
Files=4, Tests=88, 10 wallclock secs ( 0.05 usr  0.01 sys + 22.61 cusr  0.67 csys = 23.34 CPU)
Result: PASS
22.92user 0.82system 0:10.21elapsed 232%CPU (0avgtext+0avgdata 207564maxresident)k
0inputs+3656outputs (0major+145040minor)pagefaults 0swaps
+ /usr/bin/time perl /home/shlomif/progs/freecell/git/fc-solve/fc-solve/B/../source/run-tests.pl '--glob={clang-format,perltidy,py-flake8,style-trailing-space}*.t'
[100%] Built target boards
[ 12%] Built target dbm-kaztree-compare-records-test.t.exe
[ 25%] Built target delta-states-debondt-test.t.exe
[ 50%] Built target card-test-parse.t.exe
[ 50%] Built target generate_valgrind_tests
[ 62%] Built target bit-reader-and-writer-test.t.exe
[ 75%] Built target generate_verify_tests
[ 87%] Built target generate_cmp_digest_tests
[100%] Built target card-test-render.t.exe
FCS_PATH = /home/shlomif/progs/freecell/git/fc-solve/fc-solve/B
FCS_SRC_PATH = /home/shlomif/progs/freecell/git/fc-solve/fc-solve/B/../source
FCS_TEST_TAGS = <break_backcompat>
/home/shlomif/progs/freecell/git/fc-solve/fc-solve/B/../source/t/t/perltidy.t .............. ok
/home/shlomif/progs/freecell/git/fc-solve/fc-solve/B/../source/t/t/style-trailing-space.t .. ok
/home/shlomif/progs/freecell/git/fc-solve/fc-solve/B/../source/t/t/py-flake8.t ............. ok
/home/shlomif/progs/freecell/git/fc-solve/fc-solve/B/../source/t/t/clang-format.t .......... ok
All tests successful.
Files=4, Tests=88,  9 wallclock secs ( 0.04 usr  0.01 sys + 13.65 cusr  0.66 csys = 14.36 CPU)
Result: PASS
13.96user 0.80system 0:09.35elapsed 157%CPU (0avgtext+0avgdata 207700maxresident)k
0inputs+2992outputs (0major+143496minor)pagefaults 0swaps
+ /usr/bin/time perl /home/shlomif/progs/freecell/git/fc-solve/fc-solve/B/../source/run-tests.pl
[100%] Built target boards
[ 12%] Built target dbm-kaztree-compare-records-test.t.exe
[ 25%] Built target delta-states-debondt-test.t.exe
[ 50%] Built target card-test-parse.t.exe
[ 50%] Built target generate_valgrind_tests
[ 62%] Built target bit-reader-and-writer-test.t.exe
[ 75%] Built target generate_verify_tests
[ 87%] Built target generate_cmp_digest_tests
[100%] Built target card-test-render.t.exe
FCS_PATH = /home/shlomif/progs/freecell/git/fc-solve/fc-solve/B
FCS_SRC_PATH = /home/shlomif/progs/freecell/git/fc-solve/fc-solve/B/../source
FCS_TEST_TAGS = <break_backcompat>
t/valgrind--board_gen__pi_make_ms__t_only.t ................................................................ ok
t/valgrind--empty_board.t .................................................................................. ok
t/valgrind--dbm_fc_solver_1.t .............................................................................. ok
t/valgrind--fc-solve-crashy-preset-1.t ..................................................................... ok
t/valgrind--fc-solve-crashy-preset-2.t ..................................................................... ok
t/valgrind--fc-solve-hoi.t ................................................................................. ok
t/valgrind--fc-solve-non-existent-game-preset.t ............................................................ ok
t/valgrind--fc-solve-not-enough-input.t .................................................................... ok
t/valgrind--fc_pro_range_solve__invalid_print_step.t ....................................................... ok
t/valgrind--range_parallel__invalid_print_step.t ........................................................... ok
t/valgrind--range_parallel_solve__1__2__invalid_flares_plan_1.t ............................................ ok
t/valgrind--range_parallel_solve__1_3_1_flares.t ........................................................... ok
t/valgrind--range_parallel_solve__dash_opt.t ............................................................... ok
t/valgrind--range_parallel_solve__missing_arg.t ............................................................ ok
t/valgrind--range_parallel_solve__mixed_simple_simon.t ..................................................... ok
t/valgrind--range_parallel_solve__next-flare.t ............................................................. ok
t/valgrind--range_parallel_solve__sp_r_tf__not_leak.t ...................................................... ok
t/valgrind--range_parallel_solve_befs.t .................................................................... ok
t/valgrind--range_parallel_solve_l_gi.t .................................................................... ok
/home/shlomif/progs/freecell/git/fc-solve/fc-solve/B/../source/t/t/base64.t ................................ ok
./bit-reader-and-writer-test.t.exe ......................................................................... ok
/home/shlomif/progs/freecell/git/fc-solve/fc-solve/B/../source/t/t/board-gen-lib.py ........................ ok
t/valgrind--range_parallel_solve_l_as_3fc.t ................................................................ ok
t/valgrind--fc-solve-trim-max-stored-states.t .............................................................. ok
./card-test-parse.t.exe .................................................................................... ok
./card-test-render.t.exe ................................................................................... ok
/home/shlomif/progs/freecell/git/fc-solve/fc-solve/B/../source/t/t/by-depth-tests-order.py ................. ok
t/cmpdigest--bakers_game24default.t ........................................................................ ok
t/cmpdigest--eight_off200.t ................................................................................ ok
t/cmpdigest--eight_off200default.t ......................................................................... ok
t/valgrind--range_parallel_solve__11982_opt.t .............................................................. ok
t/cmpdigest--freecell1941.t ................................................................................ ok
t/cmpdigest--freecell1941__cache_limit.t ................................................................... ok
t/cmpdigest--forecell1099default.t ......................................................................... ok
t/cmpdigest--freecell24_children_playing_ball.t ............................................................ ok
/home/shlomif/progs/freecell/git/fc-solve/fc-solve/B/../source/t/t/board-gen.t ............................. ok
t/cmpdigest--freecell24_out_file.t ......................................................................... ok
t/cmpdigest--freecell24empty.t ............................................................................. ok
t/cmpdigest--freecell24_sentient_pearls.t .................................................................. ok
t/cmpdigest--freecell24with_empty_soft_thread_name.t ....................................................... ok
t/cmpdigest--freecell254076_l_by.t ......................................................................... ok
t/cmpdigest--freecell617jgl.t .............................................................................. ok
t/cmpdigest--id24.t ........................................................................................ ok
t/cmpdigest--random_dfs_with_rand_parens.t ................................................................. ok
t/cmpdigest--relaxed_freecell11982.t ....................................................................... ok
t/cmpdigest--seahaven_towers1977fools.t .................................................................... ok
t/cmpdigest--simple_simon19806default.t .................................................................... ok
t/cmpdigest--simple_simon1with_i.t ......................................................................... ok
t/cmpdigest--simple_simon1with_next_instance.t ............................................................. ok
t/cmpdigest--simple_simon24default.t ....................................................................... ok
/home/shlomif/progs/freecell/git/fc-solve/fc-solve/B/../source/t/t/compare-digests-and-lens.t .............. ok
/home/shlomif/progs/freecell/git/fc-solve/fc-solve/B/../source/t/t/compile-flares-plan.py .................. ok
./dbm-kaztree-compare-records-test.t.exe ................................................................... ok
./delta-states-debondt-test.t.exe .......................................................................... ok
/home/shlomif/progs/freecell/git/fc-solve/fc-solve/B/../source/t/t/dbm-calc-derived-states.t ............... ok
./delta-states-test.t.exe .................................................................................. ok
/home/shlomif/progs/freecell/git/fc-solve/fc-solve/B/../source/t/t/delta-states-perl.t ..................... ok
/home/shlomif/progs/freecell/git/fc-solve/fc-solve/B/../source/t/t/digests-without-stats.t ................. ok
/home/shlomif/progs/freecell/git/fc-solve/fc-solve/B/../source/t/t/depth-based-multi-queue.t ............... ok
/home/shlomif/progs/freecell/git/fc-solve/fc-solve/B/../source/t/t/fc-solve-output-Test-Trap.t ............. ok
t/cmpdigest--qualified_seed_for_6240.t ..................................................................... ok
/home/shlomif/progs/freecell/git/fc-solve/fc-solve/B/../source/t/t/fcc-brfs-scan.t ......................... ok
/home/shlomif/progs/freecell/git/fc-solve/fc-solve/B/../source/t/t/hard-disk-offloading-queue.t ............ ok
/home/shlomif/progs/freecell/git/fc-solve/fc-solve/B/../source/t/t/iters-display-step-output.py ............ ok
/home/shlomif/progs/freecell/git/fc-solve/fc-solve/B/../source/t/t/perltidy.t .............................. ok
/home/shlomif/progs/freecell/git/fc-solve/fc-solve/B/../source/t/t/pqueue-unit.t ........................... ok
/home/shlomif/progs/freecell/git/fc-solve/fc-solve/B/../source/t/t/py-flake8.t ............................. ok
/home/shlomif/progs/freecell/git/fc-solve/fc-solve/B/../source/t/t/range-parallel-solver.t ................. ok
/home/shlomif/progs/freecell/git/fc-solve/fc-solve/B/../source/t/t/set-befs-weights.py ..................... ok
/home/shlomif/progs/freecell/git/fc-solve/fc-solve/B/../source/t/t/clang-format.t .......................... ok
/home/shlomif/progs/freecell/git/fc-solve/fc-solve/B/../source/t/t/sh-shabang.t ............................ ok
/home/shlomif/progs/freecell/git/fc-solve/fc-solve/B/../source/t/t/sha-sum-meta.t .......................... ok
/home/shlomif/progs/freecell/git/fc-solve/fc-solve/B/../source/t/t/several-iter-limits.py .................. ok
/home/shlomif/progs/freecell/git/fc-solve/fc-solve/B/../source/t/t/simulate-cmd-line.t ..................... ok
/home/shlomif/progs/freecell/git/fc-solve/fc-solve/B/../source/t/t/spelling.t .............................. ok
/home/shlomif/progs/freecell/git/fc-solve/fc-solve/B/../source/t/t/split-cmd-line.t ........................ ok
/home/shlomif/progs/freecell/git/fc-solve/fc-solve/B/../source/t/t/state-as-string-unit.t .................. ok
/home/shlomif/progs/freecell/git/fc-solve/fc-solve/B/../source/t/t/intermediate-iterations-are-in-order.t .. ok
/home/shlomif/progs/freecell/git/fc-solve/fc-solve/B/../source/t/t/unit-state-and-col.t .................... ok
/home/shlomif/progs/freecell/git/fc-solve/fc-solve/B/../source/t/t/unit-str-utils.t ........................ ok
/home/shlomif/progs/freecell/git/fc-solve/fc-solve/B/../source/t/t/transpose-board.py ...................... ok
t/verify--110_dto2.t ....................................................................................... ok
t/verify--11982_relaxed.t .................................................................................. ok
/home/shlomif/progs/freecell/git/fc-solve/fc-solve/B/../source/t/t/style-trailing-space.t .................. ok
/home/shlomif/progs/freecell/git/fc-solve/fc-solve/B/../source/t/t/fc-solve-output.t ....................... ok
t/verify--17_lg.t .......................................................................................... ok
t/verify--1941_as.t ........................................................................................ ok
t/verify--1977_seahaven.t .................................................................................. ok
t/verify--19806_simple_simon__default.t .................................................................... ok
t/verify--1099_forecell.t .................................................................................. ok
t/verify--1_simple_simon__abcdefghi.t ...................................................................... ok
t/verify--1_simple_simon__ni.t ............................................................................. ok
t/verify--1_sp.t ........................................................................................... ok
t/verify--1_sp_a_star.t .................................................................................... ok
t/verify--200_eight_off.t .................................................................................. ok
t/verify--200_eight_off_default.t .......................................................................... ok
t/verify--246_eo.t ......................................................................................... ok
t/verify--24_bakers_game.t ................................................................................. ok
t/verify--24_ct.t .......................................................................................... ok
t/verify--24_default.t ..................................................................................... ok
t/verify--24_opt.t ......................................................................................... ok
t/verify--24_opt_sp_r_tf.t ................................................................................. ok
t/verify--2fc_12.t ......................................................................................... ok
t/verify--24_simple_simon__default.t ....................................................................... ok
t/verify--24_sp.t .......................................................................................... ok
t/verify--2fc_12_shorter.t ................................................................................. ok
t/verify--freecell25_j_move.t .............................................................................. ok
t/verify--617_jgl.t ........................................................................................ ok
t/verify--id24.t ........................................................................................... ok
t/verify--id1941.t ......................................................................................... ok
t/verify--lead_colons.t .................................................................................... ok
t/verify--l_by.t ........................................................................................... ok
t/verify--nht.t ............................................................................................ ok
t/verify--pats24.t ......................................................................................... ok
t/verify--simple_simon__next_instance.t .................................................................... ok
t/verify--unlimited_seq_move.t ............................................................................. ok
t/verify--simple_simon__tlm.t .............................................................................. ok
/home/shlomif/progs/freecell/git/fc-solve/fc-solve/B/../source/t/t/version-flag.t .......................... skipped: Does not work with BREAK_BACK_COMPAT
All tests successful.
Files=118, Tests=7238, 32 wallclock secs ( 5.06 usr  0.39 sys + 112.61 cusr  7.53 csys = 125.59 CPU)
Result: PASS
117.94user 8.05system 0:32.15elapsed 391%CPU (0avgtext+0avgdata 687912maxresident)k
0inputs+4120outputs (0major+2358686minor)pagefaults 0swaps
+ /usr/bin/time perl /home/shlomif/progs/freecell/git/fc-solve/fc-solve/B/../source/run-tests.pl
[100%] Built target boards
[ 12%] Built target dbm-kaztree-compare-records-test.t.exe
[ 25%] Built target delta-states-debondt-test.t.exe
[ 50%] Built target card-test-parse.t.exe
[ 50%] Built target generate_valgrind_tests
[ 62%] Built target bit-reader-and-writer-test.t.exe
[ 75%] Built target generate_verify_tests
[ 87%] Built target generate_cmp_digest_tests
[100%] Built target card-test-render.t.exe
FCS_PATH = /home/shlomif/progs/freecell/git/fc-solve/fc-solve/B
FCS_SRC_PATH = /home/shlomif/progs/freecell/git/fc-solve/fc-solve/B/../source
FCS_TEST_TAGS = <break_backcompat>
t/valgrind--board_gen__pi_make_ms__t_only.t ................................................................ ok
t/valgrind--empty_board.t .................................................................................. ok
t/valgrind--dbm_fc_solver_1.t .............................................................................. ok
t/valgrind--fc-solve-crashy-preset-1.t ..................................................................... ok
t/valgrind--fc-solve-crashy-preset-2.t ..................................................................... ok
t/valgrind--fc-solve-hoi.t ................................................................................. ok
t/valgrind--fc-solve-non-existent-game-preset.t ............................................................ ok
t/valgrind--fc-solve-not-enough-input.t .................................................................... ok
t/valgrind--fc_pro_range_solve__invalid_print_step.t ....................................................... ok
t/valgrind--range_parallel__invalid_print_step.t ........................................................... ok
t/valgrind--range_parallel_solve__1__2__invalid_flares_plan_1.t ............................................ ok
t/valgrind--range_parallel_solve__1_3_1_flares.t ........................................................... ok
t/valgrind--range_parallel_solve__dash_opt.t ............................................................... ok
t/valgrind--range_parallel_solve__missing_arg.t ............................................................ ok
t/valgrind--range_parallel_solve__mixed_simple_simon.t ..................................................... ok
t/valgrind--range_parallel_solve__next-flare.t ............................................................. ok
t/valgrind--range_parallel_solve__sp_r_tf__not_leak.t ...................................................... ok
t/valgrind--range_parallel_solve_befs.t .................................................................... ok
t/valgrind--range_parallel_solve_l_gi.t .................................................................... ok
/home/shlomif/progs/freecell/git/fc-solve/fc-solve/B/../source/t/t/base64.t ................................ ok
./bit-reader-and-writer-test.t.exe ......................................................................... ok
/home/shlomif/progs/freecell/git/fc-solve/fc-solve/B/../source/t/t/board-gen-lib.py ........................ ok
t/valgrind--range_parallel_solve_l_as_3fc.t ................................................................ ok
/home/shlomif/progs/freecell/git/fc-solve/fc-solve/B/../source/t/t/by-depth-tests-order.py ................. ok
./card-test-parse.t.exe .................................................................................... ok
./card-test-render.t.exe ................................................................................... ok
t/valgrind--fc-solve-trim-max-stored-states.t .............................................................. ok
t/cmpdigest--bakers_game24default.t ........................................................................ ok
t/cmpdigest--eight_off200.t ................................................................................ ok
t/cmpdigest--eight_off200default.t ......................................................................... ok
t/valgrind--range_parallel_solve__11982_opt.t .............................................................. ok
t/cmpdigest--freecell1941.t ................................................................................ ok
t/cmpdigest--freecell1941__cache_limit.t ................................................................... ok
t/cmpdigest--forecell1099default.t ......................................................................... ok
t/cmpdigest--freecell24_children_playing_ball.t ............................................................ ok
t/cmpdigest--freecell24_out_file.t ......................................................................... ok
/home/shlomif/progs/freecell/git/fc-solve/fc-solve/B/../source/t/t/board-gen.t ............................. ok
t/cmpdigest--freecell24_sentient_pearls.t .................................................................. ok
t/cmpdigest--freecell24with_empty_soft_thread_name.t ....................................................... ok
t/cmpdigest--freecell24empty.t ............................................................................. ok
t/cmpdigest--freecell254076_l_by.t ......................................................................... ok
t/cmpdigest--freecell617jgl.t .............................................................................. ok
t/cmpdigest--id24.t ........................................................................................ ok
t/cmpdigest--random_dfs_with_rand_parens.t ................................................................. ok
t/cmpdigest--relaxed_freecell11982.t ....................................................................... ok
t/cmpdigest--seahaven_towers1977fools.t .................................................................... ok
t/cmpdigest--simple_simon19806default.t .................................................................... ok
t/cmpdigest--simple_simon1with_i.t ......................................................................... ok
t/cmpdigest--simple_simon1with_next_instance.t ............................................................. ok
t/cmpdigest--simple_simon24default.t ....................................................................... ok
/home/shlomif/progs/freecell/git/fc-solve/fc-solve/B/../source/t/t/compare-digests-and-lens.t .............. ok
/home/shlomif/progs/freecell/git/fc-solve/fc-solve/B/../source/t/t/compile-flares-plan.py .................. ok
./dbm-kaztree-compare-records-test.t.exe ................................................................... ok
./delta-states-debondt-test.t.exe .......................................................................... ok
/home/shlomif/progs/freecell/git/fc-solve/fc-solve/B/../source/t/t/dbm-calc-derived-states.t ............... ok
./delta-states-test.t.exe .................................................................................. ok
/home/shlomif/progs/freecell/git/fc-solve/fc-solve/B/../source/t/t/delta-states-perl.t ..................... ok
/home/shlomif/progs/freecell/git/fc-solve/fc-solve/B/../source/t/t/depth-based-multi-queue.t ............... ok
/home/shlomif/progs/freecell/git/fc-solve/fc-solve/B/../source/t/t/digests-without-stats.t ................. ok
/home/shlomif/progs/freecell/git/fc-solve/fc-solve/B/../source/t/t/fc-solve-output-Test-Trap.t ............. ok
t/cmpdigest--qualified_seed_for_6240.t ..................................................................... ok
/home/shlomif/progs/freecell/git/fc-solve/fc-solve/B/../source/t/t/fcc-brfs-scan.t ......................... ok
/home/shlomif/progs/freecell/git/fc-solve/fc-solve/B/../source/t/t/hard-disk-offloading-queue.t ............ ok
/home/shlomif/progs/freecell/git/fc-solve/fc-solve/B/../source/t/t/iters-display-step-output.py ............ ok
/home/shlomif/progs/freecell/git/fc-solve/fc-solve/B/../source/t/t/perltidy.t .............................. ok
/home/shlomif/progs/freecell/git/fc-solve/fc-solve/B/../source/t/t/pqueue-unit.t ........................... ok
/home/shlomif/progs/freecell/git/fc-solve/fc-solve/B/../source/t/t/py-flake8.t ............................. ok
/home/shlomif/progs/freecell/git/fc-solve/fc-solve/B/../source/t/t/range-parallel-solver.t ................. ok
/home/shlomif/progs/freecell/git/fc-solve/fc-solve/B/../source/t/t/clang-format.t .......................... ok
/home/shlomif/progs/freecell/git/fc-solve/fc-solve/B/../source/t/t/set-befs-weights.py ..................... ok
/home/shlomif/progs/freecell/git/fc-solve/fc-solve/B/../source/t/t/sh-shabang.t ............................ ok
/home/shlomif/progs/freecell/git/fc-solve/fc-solve/B/../source/t/t/sha-sum-meta.t .......................... ok
/home/shlomif/progs/freecell/git/fc-solve/fc-solve/B/../source/t/t/several-iter-limits.py .................. ok
/home/shlomif/progs/freecell/git/fc-solve/fc-solve/B/../source/t/t/simulate-cmd-line.t ..................... ok
/home/shlomif/progs/freecell/git/fc-solve/fc-solve/B/../source/t/t/intermediate-iterations-are-in-order.t .. ok
/home/shlomif/progs/freecell/git/fc-solve/fc-solve/B/../source/t/t/spelling.t .............................. ok
/home/shlomif/progs/freecell/git/fc-solve/fc-solve/B/../source/t/t/split-cmd-line.t ........................ ok
/home/shlomif/progs/freecell/git/fc-solve/fc-solve/B/../source/t/t/state-as-string-unit.t .................. ok
/home/shlomif/progs/freecell/git/fc-solve/fc-solve/B/../source/t/t/unit-state-and-col.t .................... ok
/home/shlomif/progs/freecell/git/fc-solve/fc-solve/B/../source/t/t/unit-str-utils.t ........................ ok
/home/shlomif/progs/freecell/git/fc-solve/fc-solve/B/../source/t/t/transpose-board.py ...................... ok
/home/shlomif/progs/freecell/git/fc-solve/fc-solve/B/../source/t/t/fc-solve-output.t ....................... ok
t/verify--110_dto2.t ....................................................................................... ok
t/verify--11982_relaxed.t .................................................................................. ok
/home/shlomif/progs/freecell/git/fc-solve/fc-solve/B/../source/t/t/style-trailing-space.t .................. ok
t/verify--17_lg.t .......................................................................................... ok
t/verify--1977_seahaven.t .................................................................................. ok
t/verify--1941_as.t ........................................................................................ ok
t/verify--19806_simple_simon__default.t .................................................................... ok
t/verify--1_simple_simon__abcdefghi.t ...................................................................... ok
t/verify--1099_forecell.t .................................................................................. ok
t/verify--1_sp.t ........................................................................................... ok
t/verify--1_simple_simon__ni.t ............................................................................. ok
t/verify--1_sp_a_star.t .................................................................................... ok
t/verify--200_eight_off.t .................................................................................. ok
t/verify--200_eight_off_default.t .......................................................................... ok
t/verify--246_eo.t ......................................................................................... ok
t/verify--24_bakers_game.t ................................................................................. ok
t/verify--24_ct.t .......................................................................................... ok
t/verify--24_default.t ..................................................................................... ok
t/verify--24_opt.t ......................................................................................... ok
t/verify--2fc_12.t ......................................................................................... ok
t/verify--24_opt_sp_r_tf.t ................................................................................. ok
t/verify--24_simple_simon__default.t ....................................................................... ok
t/verify--24_sp.t .......................................................................................... ok
t/verify--2fc_12_shorter.t ................................................................................. ok
t/verify--617_jgl.t ........................................................................................ ok
t/verify--freecell25_j_move.t .............................................................................. ok
t/verify--id1941.t ......................................................................................... ok
t/verify--id24.t ........................................................................................... ok
t/verify--lead_colons.t .................................................................................... ok
t/verify--l_by.t ........................................................................................... ok
t/verify--nht.t ............................................................................................ ok
t/verify--pats24.t ......................................................................................... ok
t/verify--simple_simon__next_instance.t .................................................................... ok
t/verify--simple_simon__tlm.t .............................................................................. ok
t/verify--unlimited_seq_move.t ............................................................................. ok
/home/shlomif/progs/freecell/git/fc-solve/fc-solve/B/../source/t/t/version-flag.t .......................... skipped: Does not work with BREAK_BACK_COMPAT
All tests successful.
Files=118, Tests=7238, 32 wallclock secs ( 4.96 usr  0.34 sys + 112.86 cusr  7.61 csys = 125.77 CPU)
Result: PASS
118.11user 8.10system 0:32.62elapsed 386%CPU (0avgtext+0avgdata 688024maxresident)k
0inputs+4120outputs (0major+2359900minor)pagefaults 0swaps
+ git co master
Previous HEAD position was d31c23ef8 fix rebuild.
Switched to branch 'master'
Your branch is up to date with 'origin/master'.
+ gmake
[  4%] Built target fcs_fcc_brfs_test
[  5%] Built target fc_solve_man
[ 19%] Built target freecell-solver-static
[ 20%] Built target freecell-solver-range-parallel-solve
[ 20%] Built target asciidoc_man_pages_base
[ 25%] Built target split_fcc_fc_solver
[ 26%] Built target freecell-solver-multi-thread-solve
[ 27%] Built target freecell-solver-fork-solve
[ 32%] Built target depth_dbm_fc_solver
[ 36%] Built target dbm_fc_solver
[ 37%] Built target pseudo_dfs_fc_solver__target
[ 39%] Built target summary-fc-solve
[ 39%] Built target fc-solve-multi
[ 40%] Built target freecell-solver-fc-pro-range-solve
[ 41%] Built target fcs_gen_ms_freecell_boards
[ 43%] Built target NEWS_build
[ 44%] Built target fc-solve
[ 45%] Built target AUTHORS_build
[ 50%] Built target fcs_dbm_calc_derived_test
[ 51%] Built target TODO_build
[ 52%] Built target fc-solve-pruner
[ 54%] Built target measure-depth-dep-tests-order-perf
[ 55%] Built target HACKING_build
[ 56%] Built target COPYING_build
[ 57%] Built target INSTALL_build
[ 60%] Built target fcs_debondt_delta_states_test
[ 64%] Built target fcs_delta_states_test
[ 66%] Built target README_build
[ 81%] Built target freecell-solver
[ 82%] Built target USAGE_build
[ 83%] Built target fc-solve_build
[ 85%] Built target dbm-kaztree-compare-records-test.t.exe
[ 86%] Built target delta-states-debondt-test.t.exe
[ 88%] Built target card-test-parse.t.exe
[ 88%] Built target generate_valgrind_tests
[ 89%] Built target bit-reader-and-writer-test.t.exe
[ 90%] Built target generate_verify_tests
[ 91%] Built target generate_cmp_digest_tests
[ 93%] Built target card-test-render.t.exe
[ 93%] Built target make_pysol_board
[ 94%] Built target gen_multi_layouts_prog
[ 95%] Built target transpose_freecell_board_prog
[ 95%] Built target find_index_prog
[ 95%] Built target pi-make-microsoft-freecell-board
[ 95%] Built target fc_solve_find_index_s2ints
[ 97%] Built target docs_pods
[ 98%] Built target fcs_find_deal
[100%] Built target man_docs_pods
+ /usr/bin/time perl /home/shlomif/progs/freecell/git/fc-solve/fc-solve/B/../source/run-tests.pl '--glob={clang-format,perltidy,py-flake8,style-trailing-space}*.t'
[100%] Built target boards
[ 12%] Built target dbm-kaztree-compare-records-test.t.exe
[ 25%] Built target delta-states-debondt-test.t.exe
[ 50%] Built target card-test-parse.t.exe
[ 50%] Built target generate_valgrind_tests
[ 62%] Built target bit-reader-and-writer-test.t.exe
[ 75%] Built target generate_verify_tests
[ 87%] Built target generate_cmp_digest_tests
[100%] Built target card-test-render.t.exe
FCS_PATH = /home/shlomif/progs/freecell/git/fc-solve/fc-solve/B
FCS_SRC_PATH = /home/shlomif/progs/freecell/git/fc-solve/fc-solve/B/../source
FCS_TEST_TAGS = <break_backcompat>
/home/shlomif/progs/freecell/git/fc-solve/fc-solve/B/../source/t/t/style-trailing-space.t .. ok
/home/shlomif/progs/freecell/git/fc-solve/fc-solve/B/../source/t/t/py-flake8.t ............. ok
/home/shlomif/progs/freecell/git/fc-solve/fc-solve/B/../source/t/t/perltidy.t .............. ok
All tests successful.
Files=3, Tests=248,  7 wallclock secs ( 0.08 usr  0.01 sys + 10.75 cusr  0.34 csys = 11.18 CPU)
Result: PASS
11.09user 0.47system 0:07.29elapsed 158%CPU (0avgtext+0avgdata 64772maxresident)k
8inputs+1024outputs (0major+71524minor)pagefaults 0swaps
+ /usr/bin/time perl /home/shlomif/progs/freecell/git/fc-solve/fc-solve/B/../source/run-tests.pl '--glob={clang-format,perltidy,py-flake8,style-trailing-space}*.t'
[100%] Built target boards
[ 12%] Built target dbm-kaztree-compare-records-test.t.exe
[ 25%] Built target delta-states-debondt-test.t.exe
[ 50%] Built target card-test-parse.t.exe
[ 50%] Built target generate_valgrind_tests
[ 62%] Built target bit-reader-and-writer-test.t.exe
[ 75%] Built target generate_verify_tests
[ 87%] Built target generate_cmp_digest_tests
[100%] Built target card-test-render.t.exe
FCS_PATH = /home/shlomif/progs/freecell/git/fc-solve/fc-solve/B
FCS_SRC_PATH = /home/shlomif/progs/freecell/git/fc-solve/fc-solve/B/../source
FCS_TEST_TAGS = <break_backcompat>
/home/shlomif/progs/freecell/git/fc-solve/fc-solve/B/../source/t/t/style-trailing-space.t .. ok
/home/shlomif/progs/freecell/git/fc-solve/fc-solve/B/../source/t/t/perltidy.t .............. ok
/home/shlomif/progs/freecell/git/fc-solve/fc-solve/B/../source/t/t/py-flake8.t ............. ok
All tests successful.
Files=3, Tests=248,  2 wallclock secs ( 0.06 usr  0.01 sys +  4.64 cusr  0.29 csys =  5.00 CPU)
Result: PASS
4.97user 0.45system 0:02.54elapsed 213%CPU (0avgtext+0avgdata 58780maxresident)k
0inputs+360outputs (0major+69912minor)pagefaults 0swaps
+ /usr/bin/time perl /home/shlomif/progs/freecell/git/fc-solve/fc-solve/B/../source/run-tests.pl
[100%] Built target boards
[ 12%] Built target dbm-kaztree-compare-records-test.t.exe
[ 25%] Built target delta-states-debondt-test.t.exe
[ 50%] Built target card-test-parse.t.exe
[ 50%] Built target generate_valgrind_tests
[ 62%] Built target bit-reader-and-writer-test.t.exe
[ 75%] Built target generate_verify_tests
[ 87%] Built target generate_cmp_digest_tests
[100%] Built target card-test-render.t.exe
FCS_PATH = /home/shlomif/progs/freecell/git/fc-solve/fc-solve/B
FCS_SRC_PATH = /home/shlomif/progs/freecell/git/fc-solve/fc-solve/B/../source
FCS_TEST_TAGS = <break_backcompat>
t/valgrind--board_gen__pi_make_ms__t_only.t ................................................................ ok
t/valgrind--empty_board.t .................................................................................. ok
t/valgrind--dbm_fc_solver_1.t .............................................................................. ok
t/valgrind--fc-solve-crashy-preset-1.t ..................................................................... ok
t/valgrind--fc-solve-crashy-preset-2.t ..................................................................... ok
t/valgrind--fc-solve-hoi.t ................................................................................. ok
t/valgrind--fc-solve-non-existent-game-preset.t ............................................................ ok
t/valgrind--fc-solve-not-enough-input.t .................................................................... ok
t/valgrind--fc_pro_range_solve__invalid_print_step.t ....................................................... ok
t/valgrind--range_parallel__invalid_print_step.t ........................................................... ok
t/valgrind--range_parallel_solve__1__2__invalid_flares_plan_1.t ............................................ ok
t/valgrind--range_parallel_solve__1_3_1_flares.t ........................................................... ok
t/valgrind--range_parallel_solve__dash_opt.t ............................................................... ok
t/valgrind--range_parallel_solve__missing_arg.t ............................................................ ok
t/valgrind--range_parallel_solve__mixed_simple_simon.t ..................................................... ok
t/valgrind--range_parallel_solve__next-flare.t ............................................................. ok
t/valgrind--range_parallel_solve__sp_r_tf__not_leak.t ...................................................... ok
t/valgrind--range_parallel_solve_befs.t .................................................................... ok
t/valgrind--range_parallel_solve_l_gi.t .................................................................... ok
/home/shlomif/progs/freecell/git/fc-solve/fc-solve/B/../source/t/t/base64.t ................................ ok
./bit-reader-and-writer-test.t.exe ......................................................................... ok
/home/shlomif/progs/freecell/git/fc-solve/fc-solve/B/../source/t/t/board-gen-lib.py ........................ ok
t/valgrind--range_parallel_solve_l_as_3fc.t ................................................................ ok
/home/shlomif/progs/freecell/git/fc-solve/fc-solve/B/../source/t/t/by-depth-tests-order.py ................. ok
./card-test-parse.t.exe .................................................................................... ok
./card-test-render.t.exe ................................................................................... ok
t/valgrind--fc-solve-trim-max-stored-states.t .............................................................. ok
t/cmpdigest--bakers_game24default.t ........................................................................ ok
t/cmpdigest--eight_off200.t ................................................................................ ok
t/cmpdigest--eight_off200default.t ......................................................................... ok
t/cmpdigest--freecell1941.t ................................................................................ ok
t/valgrind--range_parallel_solve__11982_opt.t .............................................................. ok
t/cmpdigest--freecell1941__cache_limit.t ................................................................... ok
t/cmpdigest--freecell24_out_file.t ......................................................................... ok
t/cmpdigest--freecell24_children_playing_ball.t ............................................................ ok
t/cmpdigest--forecell1099default.t ......................................................................... ok
t/cmpdigest--freecell24_sentient_pearls.t .................................................................. ok
t/cmpdigest--freecell24empty.t ............................................................................. ok
t/cmpdigest--freecell24with_empty_soft_thread_name.t ....................................................... ok
t/cmpdigest--freecell254076_l_by.t ......................................................................... ok
t/cmpdigest--id24.t ........................................................................................ ok
/home/shlomif/progs/freecell/git/fc-solve/fc-solve/B/../source/t/t/board-gen.t ............................. ok
t/cmpdigest--freecell617jgl.t .............................................................................. ok
t/cmpdigest--relaxed_freecell11982.t ....................................................................... ok
t/cmpdigest--random_dfs_with_rand_parens.t ................................................................. ok
t/cmpdigest--seahaven_towers1977fools.t .................................................................... ok
t/cmpdigest--simple_simon19806default.t .................................................................... ok
t/cmpdigest--simple_simon1with_i.t ......................................................................... ok
t/cmpdigest--simple_simon1with_next_instance.t ............................................................. ok
t/cmpdigest--simple_simon24default.t ....................................................................... ok
/home/shlomif/progs/freecell/git/fc-solve/fc-solve/B/../source/t/t/compile-flares-plan.py .................. ok
./dbm-kaztree-compare-records-test.t.exe ................................................................... ok
./delta-states-debondt-test.t.exe .......................................................................... ok
/home/shlomif/progs/freecell/git/fc-solve/fc-solve/B/../source/t/t/compare-digests-and-lens.t .............. ok
./delta-states-test.t.exe .................................................................................. ok
/home/shlomif/progs/freecell/git/fc-solve/fc-solve/B/../source/t/t/dbm-calc-derived-states.t ............... ok
/home/shlomif/progs/freecell/git/fc-solve/fc-solve/B/../source/t/t/delta-states-perl.t ..................... ok
/home/shlomif/progs/freecell/git/fc-solve/fc-solve/B/../source/t/t/digests-without-stats.t ................. ok
/home/shlomif/progs/freecell/git/fc-solve/fc-solve/B/../source/t/t/depth-based-multi-queue.t ............... ok
/home/shlomif/progs/freecell/git/fc-solve/fc-solve/B/../source/t/t/fc-solve-output-Test-Trap.t ............. ok
/home/shlomif/progs/freecell/git/fc-solve/fc-solve/B/../source/t/t/fcc-brfs-scan.t ......................... ok
/home/shlomif/progs/freecell/git/fc-solve/fc-solve/B/../source/t/t/hard-disk-offloading-queue.t ............ ok
/home/shlomif/progs/freecell/git/fc-solve/fc-solve/B/../source/t/t/iters-display-step-output.py ............ ok
t/cmpdigest--qualified_seed_for_6240.t ..................................................................... ok
/home/shlomif/progs/freecell/git/fc-solve/fc-solve/B/../source/t/t/pqueue-unit.t ........................... ok
/home/shlomif/progs/freecell/git/fc-solve/fc-solve/B/../source/t/t/perltidy.t .............................. ok
/home/shlomif/progs/freecell/git/fc-solve/fc-solve/B/../source/t/t/range-parallel-solver.t ................. ok
/home/shlomif/progs/freecell/git/fc-solve/fc-solve/B/../source/t/t/set-befs-weights.py ..................... ok
/home/shlomif/progs/freecell/git/fc-solve/fc-solve/B/../source/t/t/several-iter-limits.py .................. ok
/home/shlomif/progs/freecell/git/fc-solve/fc-solve/B/../source/t/t/sh-shabang.t ............................ ok
/home/shlomif/progs/freecell/git/fc-solve/fc-solve/B/../source/t/t/sha-sum-meta.t .......................... ok
/home/shlomif/progs/freecell/git/fc-solve/fc-solve/B/../source/t/t/simulate-cmd-line.t ..................... ok
/home/shlomif/progs/freecell/git/fc-solve/fc-solve/B/../source/t/t/spelling.t .............................. ok
/home/shlomif/progs/freecell/git/fc-solve/fc-solve/B/../source/t/t/py-flake8.t ............................. ok
/home/shlomif/progs/freecell/git/fc-solve/fc-solve/B/../source/t/t/split-cmd-line.t ........................ ok
/home/shlomif/progs/freecell/git/fc-solve/fc-solve/B/../source/t/t/state-as-string-unit.t .................. ok
/home/shlomif/progs/freecell/git/fc-solve/fc-solve/B/../source/t/t/transpose-board.py ...................... ok
/home/shlomif/progs/freecell/git/fc-solve/fc-solve/B/../source/t/t/unit-state-and-col.t .................... ok
/home/shlomif/progs/freecell/git/fc-solve/fc-solve/B/../source/t/t/unit-str-utils.t ........................ ok
/home/shlomif/progs/freecell/git/fc-solve/fc-solve/B/../source/t/t/style-trailing-space.t .................. ok
t/verify--110_dto2.t ....................................................................................... ok
t/verify--11982_relaxed.t .................................................................................. ok
t/verify--17_lg.t .......................................................................................... ok
t/verify--1099_forecell.t .................................................................................. ok
t/verify--1941_as.t ........................................................................................ ok
/home/shlomif/progs/freecell/git/fc-solve/fc-solve/B/../source/t/t/intermediate-iterations-are-in-order.t .. ok
t/verify--1977_seahaven.t .................................................................................. ok
t/verify--19806_simple_simon__default.t .................................................................... ok
t/verify--1_simple_simon__abcdefghi.t ...................................................................... ok
t/verify--1_simple_simon__ni.t ............................................................................. ok
t/verify--1_sp.t ........................................................................................... ok
t/verify--1_sp_a_star.t .................................................................................... ok
t/verify--200_eight_off.t .................................................................................. ok
t/verify--200_eight_off_default.t .......................................................................... ok
/home/shlomif/progs/freecell/git/fc-solve/fc-solve/B/../source/t/t/fc-solve-output.t ....................... ok
t/verify--246_eo.t ......................................................................................... ok
t/verify--24_bakers_game.t ................................................................................. ok
t/verify--24_ct.t .......................................................................................... ok
t/verify--24_default.t ..................................................................................... ok
t/verify--24_opt.t ......................................................................................... ok
t/verify--24_opt_sp_r_tf.t ................................................................................. ok
t/verify--24_simple_simon__default.t ....................................................................... ok
t/verify--2fc_12.t ......................................................................................... ok
t/verify--24_sp.t .......................................................................................... ok
t/verify--2fc_12_shorter.t ................................................................................. ok
t/verify--617_jgl.t ........................................................................................ ok
t/verify--freecell25_j_move.t .............................................................................. ok
t/verify--id24.t ........................................................................................... ok
t/verify--id1941.t ......................................................................................... ok
t/verify--lead_colons.t .................................................................................... ok
t/verify--l_by.t ........................................................................................... ok
t/verify--nht.t ............................................................................................ ok
t/verify--pats24.t ......................................................................................... ok
t/verify--simple_simon__next_instance.t .................................................................... ok
t/verify--simple_simon__tlm.t .............................................................................. ok
t/verify--unlimited_seq_move.t ............................................................................. ok
/home/shlomif/progs/freecell/git/fc-solve/fc-solve/B/../source/t/t/version-flag.t .......................... skipped: Does not work with BREAK_BACK_COMPAT
All tests successful.
Files=117, Tests=7398, 28 wallclock secs ( 4.80 usr  0.35 sys + 97.78 cusr  7.07 csys = 110.00 CPU)
Result: PASS
102.86user 7.57system 0:28.73elapsed 384%CPU (0avgtext+0avgdata 688032maxresident)k
0inputs+1488outputs (0major+2285421minor)pagefaults 0swaps
+ /usr/bin/time perl /home/shlomif/progs/freecell/git/fc-solve/fc-solve/B/../source/run-tests.pl
[100%] Built target boards
[ 12%] Built target dbm-kaztree-compare-records-test.t.exe
[ 25%] Built target delta-states-debondt-test.t.exe
[ 50%] Built target card-test-parse.t.exe
[ 50%] Built target generate_valgrind_tests
[ 62%] Built target bit-reader-and-writer-test.t.exe
[ 75%] Built target generate_verify_tests
[ 87%] Built target generate_cmp_digest_tests
[100%] Built target card-test-render.t.exe
FCS_PATH = /home/shlomif/progs/freecell/git/fc-solve/fc-solve/B
FCS_SRC_PATH = /home/shlomif/progs/freecell/git/fc-solve/fc-solve/B/../source
FCS_TEST_TAGS = <break_backcompat>
t/valgrind--board_gen__pi_make_ms__t_only.t ................................................................ ok
t/valgrind--empty_board.t .................................................................................. ok
t/valgrind--dbm_fc_solver_1.t .............................................................................. ok
t/valgrind--fc-solve-crashy-preset-1.t ..................................................................... ok
t/valgrind--fc-solve-crashy-preset-2.t ..................................................................... ok
t/valgrind--fc-solve-non-existent-game-preset.t ............................................................ ok
t/valgrind--fc-solve-hoi.t ................................................................................. ok
t/valgrind--fc-solve-not-enough-input.t .................................................................... ok
t/valgrind--fc_pro_range_solve__invalid_print_step.t ....................................................... ok
t/valgrind--range_parallel__invalid_print_step.t ........................................................... ok
t/valgrind--range_parallel_solve__1__2__invalid_flares_plan_1.t ............................................ ok
t/valgrind--range_parallel_solve__1_3_1_flares.t ........................................................... ok
t/valgrind--range_parallel_solve__dash_opt.t ............................................................... ok
t/valgrind--range_parallel_solve__missing_arg.t ............................................................ ok
t/valgrind--range_parallel_solve__mixed_simple_simon.t ..................................................... ok
t/valgrind--range_parallel_solve__next-flare.t ............................................................. ok
t/valgrind--range_parallel_solve__sp_r_tf__not_leak.t ...................................................... ok
t/valgrind--range_parallel_solve_befs.t .................................................................... ok
t/valgrind--range_parallel_solve_l_gi.t .................................................................... ok
/home/shlomif/progs/freecell/git/fc-solve/fc-solve/B/../source/t/t/base64.t ................................ ok
./bit-reader-and-writer-test.t.exe ......................................................................... ok
/home/shlomif/progs/freecell/git/fc-solve/fc-solve/B/../source/t/t/board-gen-lib.py ........................ ok
t/valgrind--range_parallel_solve_l_as_3fc.t ................................................................ ok
/home/shlomif/progs/freecell/git/fc-solve/fc-solve/B/../source/t/t/by-depth-tests-order.py ................. ok
./card-test-parse.t.exe .................................................................................... ok
./card-test-render.t.exe ................................................................................... ok
t/valgrind--fc-solve-trim-max-stored-states.t .............................................................. ok
t/cmpdigest--bakers_game24default.t ........................................................................ ok
t/cmpdigest--eight_off200.t ................................................................................ ok
t/cmpdigest--eight_off200default.t ......................................................................... ok
t/valgrind--range_parallel_solve__11982_opt.t .............................................................. ok
t/cmpdigest--freecell1941.t ................................................................................ ok
t/cmpdigest--freecell1941__cache_limit.t ................................................................... ok
t/cmpdigest--freecell24_children_playing_ball.t ............................................................ ok
t/cmpdigest--freecell24_out_file.t ......................................................................... ok
t/cmpdigest--forecell1099default.t ......................................................................... ok
t/cmpdigest--freecell24_sentient_pearls.t .................................................................. ok
t/cmpdigest--freecell24empty.t ............................................................................. ok
t/cmpdigest--freecell24with_empty_soft_thread_name.t ....................................................... ok
t/cmpdigest--freecell254076_l_by.t ......................................................................... ok
t/cmpdigest--freecell617jgl.t .............................................................................. ok
/home/shlomif/progs/freecell/git/fc-solve/fc-solve/B/../source/t/t/board-gen.t ............................. ok
t/cmpdigest--id24.t ........................................................................................ ok
t/cmpdigest--random_dfs_with_rand_parens.t ................................................................. ok
t/cmpdigest--relaxed_freecell11982.t ....................................................................... ok
t/cmpdigest--seahaven_towers1977fools.t .................................................................... ok
t/cmpdigest--simple_simon19806default.t .................................................................... ok
t/cmpdigest--simple_simon1with_i.t ......................................................................... ok
t/cmpdigest--simple_simon1with_next_instance.t ............................................................. ok
t/cmpdigest--simple_simon24default.t ....................................................................... ok
/home/shlomif/progs/freecell/git/fc-solve/fc-solve/B/../source/t/t/compare-digests-and-lens.t .............. ok
./dbm-kaztree-compare-records-test.t.exe ................................................................... ok
./delta-states-debondt-test.t.exe .......................................................................... ok
/home/shlomif/progs/freecell/git/fc-solve/fc-solve/B/../source/t/t/compile-flares-plan.py .................. ok
./delta-states-test.t.exe .................................................................................. ok
/home/shlomif/progs/freecell/git/fc-solve/fc-solve/B/../source/t/t/dbm-calc-derived-states.t ............... ok
/home/shlomif/progs/freecell/git/fc-solve/fc-solve/B/../source/t/t/delta-states-perl.t ..................... ok
/home/shlomif/progs/freecell/git/fc-solve/fc-solve/B/../source/t/t/digests-without-stats.t ................. ok
/home/shlomif/progs/freecell/git/fc-solve/fc-solve/B/../source/t/t/fc-solve-output-Test-Trap.t ............. ok
/home/shlomif/progs/freecell/git/fc-solve/fc-solve/B/../source/t/t/depth-based-multi-queue.t ............... ok
/home/shlomif/progs/freecell/git/fc-solve/fc-solve/B/../source/t/t/fcc-brfs-scan.t ......................... ok
/home/shlomif/progs/freecell/git/fc-solve/fc-solve/B/../source/t/t/hard-disk-offloading-queue.t ............ ok
/home/shlomif/progs/freecell/git/fc-solve/fc-solve/B/../source/t/t/iters-display-step-output.py ............ ok
t/cmpdigest--qualified_seed_for_6240.t ..................................................................... ok
/home/shlomif/progs/freecell/git/fc-solve/fc-solve/B/../source/t/t/pqueue-unit.t ........................... ok
/home/shlomif/progs/freecell/git/fc-solve/fc-solve/B/../source/t/t/perltidy.t .............................. ok
/home/shlomif/progs/freecell/git/fc-solve/fc-solve/B/../source/t/t/range-parallel-solver.t ................. ok
/home/shlomif/progs/freecell/git/fc-solve/fc-solve/B/../source/t/t/set-befs-weights.py ..................... ok
/home/shlomif/progs/freecell/git/fc-solve/fc-solve/B/../source/t/t/several-iter-limits.py .................. ok
/home/shlomif/progs/freecell/git/fc-solve/fc-solve/B/../source/t/t/sh-shabang.t ............................ ok
/home/shlomif/progs/freecell/git/fc-solve/fc-solve/B/../source/t/t/sha-sum-meta.t .......................... ok
/home/shlomif/progs/freecell/git/fc-solve/fc-solve/B/../source/t/t/simulate-cmd-line.t ..................... ok
/home/shlomif/progs/freecell/git/fc-solve/fc-solve/B/../source/t/t/py-flake8.t ............................. ok
/home/shlomif/progs/freecell/git/fc-solve/fc-solve/B/../source/t/t/spelling.t .............................. ok
/home/shlomif/progs/freecell/git/fc-solve/fc-solve/B/../source/t/t/split-cmd-line.t ........................ ok
/home/shlomif/progs/freecell/git/fc-solve/fc-solve/B/../source/t/t/state-as-string-unit.t .................. ok
/home/shlomif/progs/freecell/git/fc-solve/fc-solve/B/../source/t/t/transpose-board.py ...................... ok
/home/shlomif/progs/freecell/git/fc-solve/fc-solve/B/../source/t/t/unit-state-and-col.t .................... ok
/home/shlomif/progs/freecell/git/fc-solve/fc-solve/B/../source/t/t/unit-str-utils.t ........................ ok
/home/shlomif/progs/freecell/git/fc-solve/fc-solve/B/../source/t/t/style-trailing-space.t .................. ok
t/verify--110_dto2.t ....................................................................................... ok
t/verify--11982_relaxed.t .................................................................................. ok
t/verify--17_lg.t .......................................................................................... ok
/home/shlomif/progs/freecell/git/fc-solve/fc-solve/B/../source/t/t/intermediate-iterations-are-in-order.t .. ok
t/verify--1941_as.t ........................................................................................ ok
t/verify--1099_forecell.t .................................................................................. ok
t/verify--19806_simple_simon__default.t .................................................................... ok
/home/shlomif/progs/freecell/git/fc-solve/fc-solve/B/../source/t/t/fc-solve-output.t ....................... ok
t/verify--1977_seahaven.t .................................................................................. ok
t/verify--1_simple_simon__abcdefghi.t ...................................................................... ok
t/verify--1_sp.t ........................................................................................... ok
t/verify--1_simple_simon__ni.t ............................................................................. ok
t/verify--1_sp_a_star.t .................................................................................... ok
t/verify--200_eight_off.t .................................................................................. ok
t/verify--200_eight_off_default.t .......................................................................... ok
t/verify--246_eo.t ......................................................................................... ok
t/verify--24_bakers_game.t ................................................................................. ok
t/verify--24_ct.t .......................................................................................... ok
t/verify--24_default.t ..................................................................................... ok
t/verify--24_opt.t ......................................................................................... ok
t/verify--24_opt_sp_r_tf.t ................................................................................. ok
t/verify--24_simple_simon__default.t ....................................................................... ok
t/verify--2fc_12_shorter.t ................................................................................. ok
t/verify--2fc_12.t ......................................................................................... ok
t/verify--24_sp.t .......................................................................................... ok
t/verify--617_jgl.t ........................................................................................ ok
t/verify--freecell25_j_move.t .............................................................................. ok
t/verify--id24.t ........................................................................................... ok
t/verify--id1941.t ......................................................................................... ok
t/verify--l_by.t ........................................................................................... ok
t/verify--lead_colons.t .................................................................................... ok
t/verify--nht.t ............................................................................................ ok
t/verify--pats24.t ......................................................................................... ok
t/verify--simple_simon__next_instance.t .................................................................... ok
t/verify--simple_simon__tlm.t .............................................................................. ok
t/verify--unlimited_seq_move.t ............................................................................. ok
/home/shlomif/progs/freecell/git/fc-solve/fc-solve/B/../source/t/t/version-flag.t .......................... skipped: Does not work with BREAK_BACK_COMPAT
All tests successful.
Files=117, Tests=7398, 29 wallclock secs ( 4.85 usr  0.34 sys + 97.73 cusr  7.01 csys = 109.93 CPU)
Result: PASS
102.84user 7.51system 0:28.76elapsed 383%CPU (0avgtext+0avgdata 687880maxresident)k
0inputs+1488outputs (0major+2285203minor)pagefaults 0swaps
